#
# A fatal error has been detected by the Java Runtime Environment:
#
#  SIGSEGV (0xb) at pc=0x000000010abce3bf, pid=1207, tid=0x000000000000d70f
#
# JRE version: Java(TM) SE Runtime Environment (8.0_131-b11) (build 1.8.0_131-b11)
# Java VM: Java HotSpot(TM) 64-Bit Server VM (25.131-b11 mixed mode bsd-amd64 compressed oops)
# Problematic frame:
# C  [libawt_lwawt.dylib+0x1c3bf]  OGLSD_SetScratchSurface+0x49
#
# Failed to write core dump. Core dumps have been disabled. To enable core dumping, try "ulimit -c unlimited" before starting Java again
#
# If you would like to submit a bug report, please visit:
#   http://bugreport.java.com/bugreport/crash.jsp
# The crash happened outside the Java Virtual Machine in native code.
# See problematic frame for where to report the bug.
#

---------------  T H R E A D  ---------------

Current thread (0x00007ff8a8a63800):  JavaThread "Java2D Queue Flusher" daemon [_thread_in_native, id=55055, stack(0x0000700002cbf000,0x0000700002dbf000)]

siginfo: si_signo: 11 (SIGSEGV), si_code: 1 (SEGV_MAPERR), si_addr: 0x0000000000000002

Registers:
RAX=0x000000010abeed0e, RBX=0x0000000000000002, RCX=0x0000000000000047, RDX=0x000000010abef258
RSP=0x0000700002dbe810, RBP=0x0000700002dbe830, RSI=0x00007ff8aac95310, RDI=0x00007ff8a8a639f8
R8 =0x0000000000000020, R9 =0x0000000000000000, R10=0x000000010bf02b38, R11=0x00000000e803f92f
R12=0x0000000000000000, R13=0x00000007401fca38, R14=0x00007ff8a8a639f8, R15=0x00007ff8a8a63800
RIP=0x000000010abce3bf, EFLAGS=0x0000000000010202, ERR=0x0000000000000004
  TRAPNO=0x000000000000000e

Top of Stack: (sp=0x0000700002dbe810)
0x0000700002dbe810:   00007ff8aac95310 0000000000000000
0x0000700002dbe820:   00007ff8a8ac4e10 00007ff8a8a63800
0x0000700002dbe830:   0000700002dbe8b0 000000010abeed36
0x0000700002dbe840:   0000000000000064 00007ff8a6c6b898
0x0000700002dbe850:   0000700002dbe8b0 0000000101b50094
0x0000700002dbe860:   0000000000000005 00007ff8a8a63800
0x0000700002dbe870:   00000007401fca01 00007ff8a8ac4e20
0x0000700002dbe880:   0000700000dbe800 00007ff8a8a639f8
0x0000700002dbe890:   0000000000000000 0000000000000000
0x0000700002dbe8a0:   0000700002dbe840 00007ff8a8a63800
0x0000700002dbe8b0:   0000700002dbe900 000000010bf02baa
0x0000700002dbe8c0:   00000007401fc960 0000000100000000
0x0000700002dbe8d0:   00007ff8aadb34b0 0000000000000001
0x0000700002dbe8e0:   00000000000002a3 000000010c2b6660
0x0000700002dbe8f0:   0000700002dbe960 0000000000000282
0x0000700002dbe900:   00000000e803f92c 000000010c8b85b0
0x0000700002dbe910:   00000007401fc960 00000007401fca38
0x0000700002dbe920:   0000000000000000 0000000000000000
0x0000700002dbe930:   00000007401fca38 0000700002dbe9d0
0x0000700002dbe940:   0000000000000001 0000000000000000
0x0000700002dbe950:   0000700002dbe9d0 000000010bb757a7
0x0000700002dbe960:   00000007401fca38 0000000740222fd8
0x0000700002dbe970:   0000700000001fa0 000000000000000a
0x0000700002dbe980:   00007ff8a8a63800 0000000000000001
0x0000700002dbe990:   000000010bb7571f 0000000107c84e88
0x0000700002dbe9a0:   0000700002dbea68 0000700002dbed00
0x0000700002dbe9b0:   000000010000000a 0000000107c84e88
0x0000700002dbe9c0:   000000010bb88120 0000700002dbec70
0x0000700002dbe9d0:   0000700002dbeb80 0000000101aee5b6
0x0000700002dbe9e0:   0000700000000001 00007ff8a8a63800
0x0000700002dbe9f0:   00007ff8a8a63800 0000700002dbed00
0x0000700002dbea00:   00007ff8a6c6b890 000000010bb88120 

Instructions: (pc=0x000000010abce3bf)
0x000000010abce39f:   c0 e9 82 00 00 00 48 8b 5e 10 48 85 db 75 0e bf
0x000000010abce3af:   01 00 00 00 48 8d 15 07 7c 03 00 eb d6 49 89 fe
0x000000010abce3bf:   4c 8b 3b 30 c0 e8 c1 a6 02 00 49 8b 3f 49 89 c4
0x000000010abce3cf:   48 8b 35 4a 03 06 00 30 c0 e8 0f a8 02 00 48 85 

Register to memory mapping:

RAX=0x000000010abeed0e: Java_sun_java2d_opengl_OGLRenderQueue_flushBuffer+0x612 in /Library/Internet Plug-Ins/JavaAppletPlugin.plugin/Contents/Home/lib/libawt_lwawt.dylib at 0x000000010abb2000
RBX=0x0000000000000002 is an unknown value
RCX=0x0000000000000047 is an unknown value
RDX=0x000000010abef258: Java_sun_java2d_opengl_OGLRenderQueue_flushBuffer+0xb5c in /Library/Internet Plug-Ins/JavaAppletPlugin.plugin/Contents/Home/lib/libawt_lwawt.dylib at 0x000000010abb2000
RSP=0x0000700002dbe810 is pointing into the stack for thread: 0x00007ff8a8a63800
RBP=0x0000700002dbe830 is pointing into the stack for thread: 0x00007ff8a8a63800
RSI=0x00007ff8aac95310 is an unknown value
RDI=0x00007ff8a8a639f8 is an unknown value
R8 =0x0000000000000020 is an unknown value
R9 =0x0000000000000000 is an unknown value
R10=0x000000010bf02b38 is at entry_point+56 in (nmethod*)0x000000010bf02990
R11=0x00000000e803f92f is an unknown value
R12=0x0000000000000000 is an unknown value
R13=0x00000007401fca38 is an oop
sun.java2d.opengl.OGLRenderQueue$QueueFlusher 
 - klass: 'sun/java2d/opengl/OGLRenderQueue$QueueFlusher'
R14=0x00007ff8a8a639f8 is an unknown value
R15=0x00007ff8a8a63800 is a thread


Stack: [0x0000700002cbf000,0x0000700002dbf000],  sp=0x0000700002dbe810,  free space=1022k
Native frames: (J=compiled Java code, j=interpreted, Vv=VM code, C=native code)
C  [libawt_lwawt.dylib+0x1c3bf]  OGLSD_SetScratchSurface+0x49
C  [libawt_lwawt.dylib+0x3cd36]  Java_sun_java2d_opengl_OGLRenderQueue_flushBuffer+0x63a
J 1121  sun.java2d.opengl.OGLRenderQueue.flushBuffer(JI)V (0 bytes) @ 0x000000010bf02baa [0x000000010bf02b00+0xaa]
J 5677% C2 sun.java2d.opengl.OGLRenderQueue$QueueFlusher.run()V (234 bytes) @ 0x000000010c8b85b0 [0x000000010c8b84e0+0xd0]
v  ~StubRoutines::call_stub
V  [libjvm.dylib+0x2ee5b6]  JavaCalls::call_helper(JavaValue*, methodHandle*, JavaCallArguments*, Thread*)+0x6ae
V  [libjvm.dylib+0x2eed5a]  JavaCalls::call_virtual(JavaValue*, KlassHandle, Symbol*, Symbol*, JavaCallArguments*, Thread*)+0x164
V  [libjvm.dylib+0x2eef06]  JavaCalls::call_virtual(JavaValue*, Handle, KlassHandle, Symbol*, Symbol*, Thread*)+0x4a
V  [libjvm.dylib+0x34965d]  thread_entry(JavaThread*, Thread*)+0x7c
V  [libjvm.dylib+0x56b87f]  JavaThread::thread_main_inner()+0x9b
V  [libjvm.dylib+0x56cf6c]  JavaThread::run()+0x1c2
V  [libjvm.dylib+0x48b376]  java_start(Thread*)+0xf6
C  [libsystem_pthread.dylib+0x39af]  _pthread_body+0xb4
C  [libsystem_pthread.dylib+0x38fb]  _pthread_body+0x0
C  [libsystem_pthread.dylib+0x3101]  thread_start+0xd
C  0x0000000000000000

Java frames: (J=compiled Java code, j=interpreted, Vv=VM code)
J 1121  sun.java2d.opengl.OGLRenderQueue.flushBuffer(JI)V (0 bytes) @ 0x000000010bf02b38 [0x000000010bf02b00+0x38]
J 5677% C2 sun.java2d.opengl.OGLRenderQueue$QueueFlusher.run()V (234 bytes) @ 0x000000010c8b85b0 [0x000000010c8b84e0+0xd0]
v  ~StubRoutines::call_stub

---------------  P R O C E S S  ---------------

Java Threads: ( => current thread )
  0x00007ff8a8d2a000 JavaThread "SwingWorker-pool-1-thread-1" daemon [_thread_blocked, id=70371, stack(0x00007000032d4000,0x00007000033d4000)]
  0x00007ff8a8d2a800 JavaThread "DestroyJavaVM" [_thread_blocked, id=6915, stack(0x0000700001b03000,0x0000700001c03000)]
  0x00007ff8a8b9c000 JavaThread "TimerQueue" daemon [_thread_blocked, id=66075, stack(0x000070000304b000,0x000070000314b000)]
  0x00007ff8a8295000 JavaThread "AWT-EventQueue-0" [_thread_in_Java, id=62619, stack(0x0000700002ec5000,0x0000700002fc5000)]
  0x00007ff8a8ae6000 JavaThread "Java2D Disposer" daemon [_thread_blocked, id=55315, stack(0x0000700002dc2000,0x0000700002ec2000)]
=>0x00007ff8a8a63800 JavaThread "Java2D Queue Flusher" daemon [_thread_in_native, id=55055, stack(0x0000700002cbf000,0x0000700002dbf000)]
  0x00007ff8a7936800 JavaThread "AWT-Shutdown" [_thread_blocked, id=29727, stack(0x0000700002a33000,0x0000700002b33000)]
  0x00007ff8a78e0800 JavaThread "AppKit Thread" daemon [_thread_in_native, id=775, stack(0x00007fff5e5a7000,0x00007fff5eda7000)]
  0x00007ff8a7805000 JavaThread "Service Thread" daemon [_thread_blocked, id=18691, stack(0x00007000027aa000,0x00007000028aa000)]
  0x00007ff8a805f000 JavaThread "C1 CompilerThread2" daemon [_thread_blocked, id=18179, stack(0x00007000026a7000,0x00007000027a7000)]
  0x00007ff8a7802800 JavaThread "C2 CompilerThread1" daemon [_thread_blocked, id=17667, stack(0x00007000025a4000,0x00007000026a4000)]
  0x00007ff8a8846800 JavaThread "C2 CompilerThread0" daemon [_thread_blocked, id=17155, stack(0x00007000024a1000,0x00007000025a1000)]
  0x00007ff8a8841000 JavaThread "Signal Dispatcher" daemon [_thread_blocked, id=16643, stack(0x000070000239e000,0x000070000249e000)]
  0x00007ff8a8038800 JavaThread "Finalizer" daemon [_thread_blocked, id=12291, stack(0x0000700002218000,0x0000700002318000)]
  0x00007ff8a8807000 JavaThread "Reference Handler" daemon [_thread_blocked, id=11779, stack(0x0000700002115000,0x0000700002215000)]

Other Threads:
  0x00007ff8a8032800 VMThread [stack: 0x0000700002012000,0x0000700002112000] [id=11267]
  0x00007ff8a8071000 WatcherThread [stack: 0x00007000028ad000,0x00007000029ad000] [id=19203]

VM state:not at safepoint (normal execution)

VM Mutex/Monitor currently owned by a thread: None

Heap:
 PSYoungGen      total 267264K, used 37035K [0x0000000795580000, 0x00000007ade00000, 0x00000007c0000000)
  eden space 239616K, 3% used [0x0000000795580000,0x0000000795eadc78,0x00000007a3f80000)
  from space 27648K, 99% used [0x00000007a3f80000,0x00000007a5a7d0b0,0x00000007a5a80000)
  to   space 80896K, 0% used [0x00000007a8f00000,0x00000007a8f00000,0x00000007ade00000)
 ParOldGen       total 1398272K, used 1305025K [0x0000000740000000, 0x0000000795580000, 0x0000000795580000)
  object space 1398272K, 93% used [0x0000000740000000,0x000000078fa70458,0x0000000795580000)
 Metaspace       used 24158K, capacity 24614K, committed 24832K, reserved 1071104K
  class space    used 2945K, capacity 3067K, committed 3072K, reserved 1048576K

Card table byte_map: [0x0000000102b63000,0x0000000102f64000] byte_map_base: 0x00000000ff163000

Marking Bits: (ParMarkBitMap*) 0x00000001020f1ea0
 Begin Bits: [0x000000010320f000, 0x000000010520f000)
 End Bits:   [0x000000010520f000, 0x000000010720f000)

Polling page: 0x0000000100f4b000

CodeCache: size=245760Kb used=14883Kb max_used=15392Kb free=230876Kb
 bounds [0x000000010bb75000, 0x000000010cb25000, 0x000000011ab75000]
 total_blobs=5084 nmethods=4438 adapters=555
 compilation: enabled

Compilation events (10 events):
Event: 2787.019 Thread 0x00007ff8a805f000 5866   !   3       edu.uta.cse.fireeye.gui.model.SystemDataProcessor::saveSystemToXML (2102 bytes)
Event: 2787.020 Thread 0x00007ff8a7802800 nmethod 5860 0x000000010c425f10 code [0x000000010c426060, 0x000000010c4260f8]
Event: 2787.020 Thread 0x00007ff8a7802800 5861       4       org.jdom.Attribute::setNamespace (48 bytes)
Event: 2787.020 Thread 0x00007ff8a7802800 nmethod 5861 0x000000010c1c3d10 code [0x000000010c1c3e60, 0x000000010c1c3f18]
Event: 2787.021 Thread 0x00007ff8a8846800 nmethod 5864 0x000000010c22b1d0 code [0x000000010c22b360, 0x000000010c22b7b8]
Event: 2787.021 Thread 0x00007ff8a7802800 5867       4       org.jdom.Attribute::<init> (35 bytes)
Event: 2787.039 Thread 0x00007ff8a7802800 nmethod 5867 0x000000010bcab850 code [0x000000010bcaba40, 0x000000010bcac658]
Event: 2787.046 Thread 0x00007ff8a805f000 nmethod 5866 0x000000010caefad0 code [0x000000010caf1960, 0x000000010cb07818]
Event: 2787.047 Thread 0x00007ff8a8846800 5868 % !   4       edu.uta.cse.fireeye.gui.model.SystemDataProcessor::saveSystemToXML @ 1520 (2102 bytes)
Event: 2787.168 Thread 0x00007ff8a8846800 nmethod 5868% 0x000000010c381a90 code [0x000000010c381fe0, 0x000000010c386da0]

GC Heap History (10 events):
Event: 2320.128 GC heap before
{Heap before GC invocations=2327 (full 12):
 PSYoungGen      total 269312K, used 245777K [0x0000000795580000, 0x00000007a7d00000, 0x00000007c0000000)
  eden space 240128K, 100% used [0x0000000795580000,0x00000007a4000000,0x00000007a4000000)
  from space 29184K, 19% used [0x00000007a6080000,0x00000007a6604628,0x00000007a7d00000)
  to   space 31232K, 0% used [0x00000007a4000000,0x00000007a4000000,0x00000007a5e80000)
 ParOldGen       total 1398272K, used 1175230K [0x0000000740000000, 0x0000000795580000, 0x0000000795580000)
  object space 1398272K, 84% used [0x0000000740000000,0x0000000787baf910,0x0000000795580000)
 Metaspace       used 23932K, capacity 24352K, committed 24576K, reserved 1071104K
  class space    used 2935K, capacity 3066K, committed 3072K, reserved 1048576K
Event: 2320.138 GC heap after
Heap after GC invocations=2327 (full 12):
 PSYoungGen      total 248320K, used 8114K [0x0000000795580000, 0x00000007a7980000, 0x00000007c0000000)
  eden space 240128K, 0% used [0x0000000795580000,0x0000000795580000,0x00000007a4000000)
  from space 8192K, 99% used [0x00000007a4000000,0x00000007a47ecbf0,0x00000007a4800000)
  to   space 29184K, 0% used [0x00000007a5d00000,0x00000007a5d00000,0x00000007a7980000)
 ParOldGen       total 1398272K, used 1175230K [0x0000000740000000, 0x0000000795580000, 0x0000000795580000)
  object space 1398272K, 84% used [0x0000000740000000,0x0000000787baf910,0x0000000795580000)
 Metaspace       used 23932K, capacity 24352K, committed 24576K, reserved 1071104K
  class space    used 2935K, capacity 3066K, committed 3072K, reserved 1048576K
}
Event: 2330.996 GC heap before
{Heap before GC invocations=2328 (full 12):
 PSYoungGen      total 248320K, used 248242K [0x0000000795580000, 0x00000007a7980000, 0x00000007c0000000)
  eden space 240128K, 100% used [0x0000000795580000,0x00000007a4000000,0x00000007a4000000)
  from space 8192K, 99% used [0x00000007a4000000,0x00000007a47ecbf0,0x00000007a4800000)
  to   space 29184K, 0% used [0x00000007a5d00000,0x00000007a5d00000,0x00000007a7980000)
 ParOldGen       total 1398272K, used 1175230K [0x0000000740000000, 0x0000000795580000, 0x0000000795580000)
  object space 1398272K, 84% used [0x0000000740000000,0x0000000787baf910,0x0000000795580000)
 Metaspace       used 23933K, capacity 24352K, committed 24576K, reserved 1071104K
  class space    used 2935K, capacity 3066K, committed 3072K, reserved 1048576K
Event: 2331.007 GC heap after
Heap after GC invocations=2328 (full 12):
 PSYoungGen      total 267776K, used 10438K [0x0000000795580000, 0x00000007a7780000, 0x00000007c0000000)
  eden space 240640K, 0% used [0x0000000795580000,0x0000000795580000,0x00000007a4080000)
  from space 27136K, 38% used [0x00000007a5d00000,0x00000007a6731b10,0x00000007a7780000)
  to   space 28160K, 0% used [0x00000007a4080000,0x00000007a4080000,0x00000007a5c00000)
 ParOldGen       total 1398272K, used 1175230K [0x0000000740000000, 0x0000000795580000, 0x0000000795580000)
  object space 1398272K, 84% used [0x0000000740000000,0x0000000787baf910,0x0000000795580000)
 Metaspace       used 23933K, capacity 24352K, committed 24576K, reserved 1071104K
  class space    used 2935K, capacity 3066K, committed 3072K, reserved 1048576K
}
Event: 2340.501 GC heap before
{Heap before GC invocations=2329 (full 12):
 PSYoungGen      total 267776K, used 251078K [0x0000000795580000, 0x00000007a7780000, 0x00000007c0000000)
  eden space 240640K, 100% used [0x0000000795580000,0x00000007a4080000,0x00000007a4080000)
  from space 27136K, 38% used [0x00000007a5d00000,0x00000007a6731b10,0x00000007a7780000)
  to   space 28160K, 0% used [0x00000007a4080000,0x00000007a4080000,0x00000007a5c00000)
 ParOldGen       total 1398272K, used 1175230K [0x0000000740000000, 0x0000000795580000, 0x0000000795580000)
  object space 1398272K, 84% used [0x0000000740000000,0x0000000787baf910,0x0000000795580000)
 Metaspace       used 23933K, capacity 24352K, committed 24576K, reserved 1071104K
  class space    used 2935K, capacity 3066K, committed 3072K, reserved 1048576K
Event: 2340.509 GC heap after
Heap after GC invocations=2329 (full 12):
 PSYoungGen      total 248832K, used 7914K [0x0000000795580000, 0x00000007a7400000, 0x00000007c0000000)
  eden space 240640K, 0% used [0x0000000795580000,0x0000000795580000,0x00000007a4080000)
  from space 8192K, 96% used [0x00000007a4080000,0x00000007a483a9a8,0x00000007a4880000)
  to   space 26112K, 0% used [0x00000007a5a80000,0x00000007a5a80000,0x00000007a7400000)
 ParOldGen       total 1398272K, used 1175230K [0x0000000740000000, 0x0000000795580000, 0x0000000795580000)
  object space 1398272K, 84% used [0x0000000740000000,0x0000000787baf910,0x0000000795580000)
 Metaspace       used 23933K, capacity 24352K, committed 24576K, reserved 1071104K
  class space    used 2935K, capacity 3066K, committed 3072K, reserved 1048576K
}
Event: 2551.191 GC heap before
{Heap before GC invocations=2330 (full 12):
 PSYoungGen      total 248832K, used 248178K [0x0000000795580000, 0x00000007a7400000, 0x00000007c0000000)
  eden space 240640K, 99% used [0x0000000795580000,0x00000007a4022240,0x00000007a4080000)
  from space 8192K, 96% used [0x00000007a4080000,0x00000007a483a9a8,0x00000007a4880000)
  to   space 26112K, 0% used [0x00000007a5a80000,0x00000007a5a80000,0x00000007a7400000)
 ParOldGen       total 1398272K, used 1175230K [0x0000000740000000, 0x0000000795580000, 0x0000000795580000)
  object space 1398272K, 84% used [0x0000000740000000,0x0000000787baf910,0x0000000795580000)
 Metaspace       used 23942K, capacity 24352K, committed 24576K, reserved 1071104K
  class space    used 2936K, capacity 3066K, committed 3072K, reserved 1048576K
Event: 2551.219 GC heap after
Heap after GC invocations=2330 (full 12):
 PSYoungGen      total 265728K, used 17110K [0x0000000795580000, 0x00000007a7700000, 0x00000007c0000000)
  eden space 239616K, 0% used [0x0000000795580000,0x0000000795580000,0x00000007a3f80000)
  from space 26112K, 65% used [0x00000007a5a80000,0x00000007a6b35828,0x00000007a7400000)
  to   space 27648K, 0% used [0x00000007a3f80000,0x00000007a3f80000,0x00000007a5a80000)
 ParOldGen       total 1398272K, used 1175230K [0x0000000740000000, 0x0000000795580000, 0x0000000795580000)
  object space 1398272K, 84% used [0x0000000740000000,0x0000000787baf910,0x0000000795580000)
 Metaspace       used 23942K, capacity 24352K, committed 24576K, reserved 1071104K
  class space    used 2936K, capacity 3066K, committed 3072K, reserved 1048576K
}
Event: 2787.169 GC heap before
{Heap before GC invocations=2331 (full 12):
 PSYoungGen      total 265728K, used 256726K [0x0000000795580000, 0x00000007a7700000, 0x00000007c0000000)
  eden space 239616K, 100% used [0x0000000795580000,0x00000007a3f80000,0x00000007a3f80000)
  from space 26112K, 65% used [0x00000007a5a80000,0x00000007a6b35828,0x00000007a7400000)
  to   space 27648K, 0% used [0x00000007a3f80000,0x00000007a3f80000,0x00000007a5a80000)
 ParOldGen       total 1398272K, used 1175230K [0x0000000740000000, 0x0000000795580000, 0x0000000795580000)
  object space 1398272K, 84% used [0x0000000740000000,0x0000000787baf910,0x0000000795580000)
 Metaspace       used 24157K, capacity 24614K, committed 24832K, reserved 1071104K
  class space    used 2945K, capacity 3067K, committed 3072K, reserved 1048576K
Event: 2787.413 GC heap after
Heap after GC invocations=2331 (full 12):
 PSYoungGen      total 267264K, used 27636K [0x0000000795580000, 0x00000007ade00000, 0x00000007c0000000)
  eden space 239616K, 0% used [0x0000000795580000,0x0000000795580000,0x00000007a3f80000)
  from space 27648K, 99% used [0x00000007a3f80000,0x00000007a5a7d0b0,0x00000007a5a80000)
  to   space 80896K, 0% used [0x00000007a8f00000,0x00000007a8f00000,0x00000007ade00000)
 ParOldGen       total 1398272K, used 1305025K [0x0000000740000000, 0x0000000795580000, 0x0000000795580000)
  object space 1398272K, 93% used [0x0000000740000000,0x000000078fa70458,0x0000000795580000)
 Metaspace       used 24157K, capacity 24614K, committed 24832K, reserved 1071104K
  class space    used 2945K, capacity 3067K, committed 3072K, reserved 1048576K
}

Deoptimization events (10 events):
Event: 2556.563 Thread 0x00007ff8a8295000 Uncommon trap: reason=class_check action=maybe_recompile pc=0x000000010ca976f4 method=sun.java2d.SunGraphics2D.setPaint(Ljava/awt/Paint;)V @ 1
Event: 2556.564 Thread 0x00007ff8a8295000 Uncommon trap: reason=class_check action=maybe_recompile pc=0x000000010ca976f4 method=sun.java2d.SunGraphics2D.setPaint(Ljava/awt/Paint;)V @ 1
Event: 2556.565 Thread 0x00007ff8a8295000 Uncommon trap: reason=bimorphic action=maybe_recompile pc=0x000000010bf49a58 method=sun.java2d.pipe.DrawImage.copyImage(Lsun/java2d/SunGraphics2D;Ljava/awt/Image;IILjava/awt/Color;)Z @ 2
Event: 2593.890 Thread 0x00007ff8a8295000 Uncommon trap: reason=unstable_if action=reinterpret pc=0x000000010caa3c90 method=sun.awt.image.SurfaceManager.flush(Z)V @ 4
Event: 2779.471 Thread 0x00007ff8a8295000 Uncommon trap: reason=unstable_if action=reinterpret pc=0x000000010c972958 method=javax.swing.JComponent.removeNotify()V @ 28
Event: 2779.616 Thread 0x00007ff8a8295000 Uncommon trap: reason=unstable_if action=reinterpret pc=0x000000010c8a5dfc method=sun.java2d.SunGraphics2D.translate(II)V @ 16
Event: 2779.621 Thread 0x00007ff8a8295000 Uncommon trap: reason=class_check action=maybe_recompile pc=0x000000010c4b0158 method=javax.swing.plaf.basic.BasicLabelUI.paint(Ljava/awt/Graphics;Ljavax/swing/JComponent;)V @ 89
Event: 2779.636 Thread 0x00007ff8a8295000 Uncommon trap: reason=unstable_if action=reinterpret pc=0x000000010c355c20 method=java.awt.font.FontRenderContext.equals(Ljava/awt/font/FontRenderContext;)Z @ 60
Event: 2785.630 Thread 0x00007ff8a8295000 Uncommon trap: reason=unstable_if action=reinterpret pc=0x000000010c701958 method=javax.swing.table.DefaultTableCellRenderer.getTableCellRendererComponent(Ljavax/swing/JTable;Ljava/lang/Object;ZZII)Ljava/awt/Component; @ 86
Event: 2786.908 Thread 0x00007ff8a8295000 Uncommon trap: reason=unstable_if action=reinterpret pc=0x000000010c95d7c0 method=java.awt.DefaultKeyboardFocusManager.discardKeyEvents(Ljava/awt/Component;)V @ 50

Internal exceptions (10 events):
Event: 354.008 Thread 0x00007ff8a8295000 Implicit null exception at 0x000000010bf4b725 to 0x000000010bf4c281
Event: 354.963 Thread 0x00007ff8a8295000 Implicit null exception at 0x000000010c4d3d17 to 0x000000010c4d5ed5
Event: 354.963 Thread 0x00007ff8a8295000 Implicit null exception at 0x000000010c43f0a7 to 0x000000010c43f419
Event: 357.695 Thread 0x00007ff8a8295000 Implicit null exception at 0x000000010c637f35 to 0x000000010c638179
Event: 2192.112 Thread 0x00007ff8a8295000 Implicit null exception at 0x000000010c613d06 to 0x000000010c614d21
Event: 2288.050 Thread 0x00007ff8a8295000 Exception <a 'java/lang/NullPointerException'> (0x000000079a4dfdc8) thrown at [/Users/java_re/workspace/8-2-build-macosx-x86_64/jdk8u131/8869/hotspot/src/share/vm/prims/jni.cpp, line 735]
Event: 2313.853 Thread 0x00007ff8a78e0800 Implicit null exception at 0x000000010c8c6cf9 to 0x000000010c8c9fd5
Event: 2551.242 Thread 0x00007ff8a8295000 Implicit null exception at 0x000000010ca7b4ee to 0x000000010ca7b611
Event: 2553.793 Thread 0x00007ff8a78e0800 Implicit null exception at 0x000000010bdc278c to 0x000000010bdc28dd
Event: 2593.890 Thread 0x00007ff8a8295000 Implicit null exception at 0x000000010caa2828 to 0x000000010caa3c75

Events (10 events):
Event: 2786.925 loading class org/jdom/Attribute
Event: 2786.925 loading class org/jdom/Attribute done
Event: 2786.926 loading class org/jdom/DataConversionException
Event: 2786.926 loading class org/jdom/DataConversionException done
Event: 2787.169 Executing VM operation: ParallelGCFailedAllocation
Event: 2787.413 Executing VM operation: ParallelGCFailedAllocation done
Event: 2787.414 Executing VM operation: RevokeBias
Event: 2787.415 Executing VM operation: RevokeBias done
Event: 2787.415 Thread 0x00007ff8a8295000 DEOPT PACKING pc=0x000000010cad1e95 sp=0x0000700002fc23b0
Event: 2787.415 Thread 0x00007ff8a8295000 DEOPT UNPACKING pc=0x000000010bbbc633 sp=0x0000700002fc25b8 mode 0


Dynamic libraries:
0x0000000006110000 	/System/Library/Frameworks/Cocoa.framework/Versions/A/Cocoa
0x0000000006110000 	/System/Library/Frameworks/Security.framework/Versions/A/Security
0x0000000006110000 	/System/Library/Frameworks/ApplicationServices.framework/Versions/A/ApplicationServices
0x0000000006110000 	/usr/lib/libz.1.dylib
0x0000000006110000 	/usr/lib/libSystem.B.dylib
0x0000000006110000 	/usr/lib/libobjc.A.dylib
0x0000000006110000 	/System/Library/Frameworks/CoreFoundation.framework/Versions/A/CoreFoundation
0x0000000006110000 	/System/Library/Frameworks/Foundation.framework/Versions/C/Foundation
0x0000000006110000 	/System/Library/Frameworks/AppKit.framework/Versions/C/AppKit
0x0000000006110000 	/System/Library/Frameworks/CoreData.framework/Versions/A/CoreData
0x0000000006110000 	/System/Library/PrivateFrameworks/RemoteViewServices.framework/Versions/A/RemoteViewServices
0x0000000006110000 	/System/Library/PrivateFrameworks/UIFoundation.framework/Versions/A/UIFoundation
0x0000000006110000 	/System/Library/PrivateFrameworks/DFRFoundation.framework/Versions/A/DFRFoundation
0x0000000006110000 	/usr/lib/libenergytrace.dylib
0x0000000006110000 	/System/Library/PrivateFrameworks/SkyLight.framework/Versions/A/SkyLight
0x0000000006110000 	/System/Library/Frameworks/CoreGraphics.framework/Versions/A/CoreGraphics
0x0000000006110000 	/usr/lib/libScreenReader.dylib
0x0000000006110000 	/System/Library/Frameworks/Accelerate.framework/Versions/A/Accelerate
0x0000000006110000 	/System/Library/Frameworks/IOSurface.framework/Versions/A/IOSurface
0x0000000006110000 	/System/Library/Frameworks/AudioToolbox.framework/Versions/A/AudioToolbox
0x0000000006110000 	/System/Library/Frameworks/AudioUnit.framework/Versions/A/AudioUnit
0x0000000006110000 	/System/Library/PrivateFrameworks/DataDetectorsCore.framework/Versions/A/DataDetectorsCore
0x0000000006110000 	/System/Library/PrivateFrameworks/DesktopServicesPriv.framework/Versions/A/DesktopServicesPriv
0x0000000006110000 	/System/Library/Frameworks/Carbon.framework/Versions/A/Frameworks/HIToolbox.framework/Versions/A/HIToolbox
0x0000000006110000 	/usr/lib/libicucore.A.dylib
0x0000000006110000 	/System/Library/Frameworks/QuartzCore.framework/Versions/A/QuartzCore
0x0000000006110000 	/System/Library/Frameworks/Carbon.framework/Versions/A/Frameworks/SpeechRecognition.framework/Versions/A/SpeechRecognition
0x0000000006110000 	/usr/lib/libauto.dylib
0x0000000006110000 	/usr/lib/libxml2.2.dylib
0x0000000006110000 	/System/Library/PrivateFrameworks/CoreUI.framework/Versions/A/CoreUI
0x0000000006110000 	/System/Library/Frameworks/CoreAudio.framework/Versions/A/CoreAudio
0x0000000006110000 	/System/Library/Frameworks/DiskArbitration.framework/Versions/A/DiskArbitration
0x0000000006110000 	/usr/lib/liblangid.dylib
0x0000000006110000 	/System/Library/PrivateFrameworks/MultitouchSupport.framework/Versions/A/MultitouchSupport
0x0000000006110000 	/System/Library/Frameworks/IOKit.framework/Versions/A/IOKit
0x0000000006110000 	/usr/lib/libDiagnosticMessagesClient.dylib
0x0000000006110000 	/System/Library/Frameworks/CoreServices.framework/Versions/A/CoreServices
0x0000000006110000 	/System/Library/PrivateFrameworks/PerformanceAnalysis.framework/Versions/A/PerformanceAnalysis
0x0000000006110000 	/System/Library/PrivateFrameworks/GenerationalStorage.framework/Versions/A/GenerationalStorage
0x0000000006110000 	/System/Library/Frameworks/OpenGL.framework/Versions/A/OpenGL
0x0000000006110000 	/System/Library/Frameworks/CoreImage.framework/Versions/A/CoreImage
0x0000000006110000 	/System/Library/Frameworks/CoreText.framework/Versions/A/CoreText
0x0000000006110000 	/System/Library/Frameworks/ImageIO.framework/Versions/A/ImageIO
0x0000000006110000 	/System/Library/PrivateFrameworks/Backup.framework/Versions/A/Backup
0x0000000006110000 	/usr/lib/libarchive.2.dylib
0x0000000006110000 	/System/Library/Frameworks/CFNetwork.framework/Versions/A/CFNetwork
0x0000000006110000 	/System/Library/Frameworks/SystemConfiguration.framework/Versions/A/SystemConfiguration
0x0000000006110000 	/usr/lib/libCRFSuite.dylib
0x0000000006110000 	/usr/lib/libc++.1.dylib
0x0000000006110000 	/usr/lib/libc++abi.dylib
0x0000000006110000 	/usr/lib/system/libcache.dylib
0x0000000006110000 	/usr/lib/system/libcommonCrypto.dylib
0x0000000006110000 	/usr/lib/system/libcompiler_rt.dylib
0x0000000006110000 	/usr/lib/system/libcopyfile.dylib
0x0000000006110000 	/usr/lib/system/libcorecrypto.dylib
0x0000000006110000 	/usr/lib/system/libdispatch.dylib
0x0000000006110000 	/usr/lib/system/libdyld.dylib
0x0000000006110000 	/usr/lib/system/libkeymgr.dylib
0x0000000006110000 	/usr/lib/system/liblaunch.dylib
0x0000000006110000 	/usr/lib/system/libmacho.dylib
0x0000000006110000 	/usr/lib/system/libquarantine.dylib
0x0000000006110000 	/usr/lib/system/libremovefile.dylib
0x0000000006110000 	/usr/lib/system/libsystem_asl.dylib
0x0000000006110000 	/usr/lib/system/libsystem_blocks.dylib
0x0000000006110000 	/usr/lib/system/libsystem_c.dylib
0x0000000006110000 	/usr/lib/system/libsystem_configuration.dylib
0x0000000006110000 	/usr/lib/system/libsystem_coreservices.dylib
0x0000000006110000 	/usr/lib/system/libsystem_coretls.dylib
0x0000000006110000 	/usr/lib/system/libsystem_dnssd.dylib
0x0000000006110000 	/usr/lib/system/libsystem_info.dylib
0x0000000006110000 	/usr/lib/system/libsystem_kernel.dylib
0x0000000006110000 	/usr/lib/system/libsystem_m.dylib
0x0000000006110000 	/usr/lib/system/libsystem_malloc.dylib
0x0000000006110000 	/usr/lib/system/libsystem_network.dylib
0x0000000006110000 	/usr/lib/system/libsystem_networkextension.dylib
0x0000000006110000 	/usr/lib/system/libsystem_notify.dylib
0x0000000006110000 	/usr/lib/system/libsystem_platform.dylib
0x0000000006110000 	/usr/lib/system/libsystem_pthread.dylib
0x0000000006110000 	/usr/lib/system/libsystem_sandbox.dylib
0x0000000006110000 	/usr/lib/system/libsystem_secinit.dylib
0x0000000006110000 	/usr/lib/system/libsystem_symptoms.dylib
0x0000000006110000 	/usr/lib/system/libsystem_trace.dylib
0x0000000006110000 	/usr/lib/system/libunwind.dylib
0x0000000006110000 	/usr/lib/system/libxpc.dylib
0x0000000006110000 	/usr/lib/libbsm.0.dylib
0x0000000006110000 	/usr/lib/system/libkxld.dylib
0x0000000006110000 	/usr/lib/libcoretls.dylib
0x0000000006110000 	/usr/lib/libcoretls_cfhelpers.dylib
0x0000000006110000 	/usr/lib/libOpenScriptingUtil.dylib
0x0000000006110000 	/usr/lib/libpam.2.dylib
0x0000000006110000 	/usr/lib/libsqlite3.dylib
0x0000000006110000 	/usr/lib/libxar.1.dylib
0x0000000006110000 	/usr/lib/libbz2.1.0.dylib
0x0000000006110000 	/usr/lib/liblzma.5.dylib
0x0000000006110000 	/usr/lib/libnetwork.dylib
0x0000000006110000 	/usr/lib/libpcap.A.dylib
0x0000000006110000 	/System/Library/Frameworks/CoreServices.framework/Versions/A/Frameworks/FSEvents.framework/Versions/A/FSEvents
0x0000000006110000 	/System/Library/Frameworks/CoreServices.framework/Versions/A/Frameworks/CarbonCore.framework/Versions/A/CarbonCore
0x0000000006110000 	/System/Library/Frameworks/CoreServices.framework/Versions/A/Frameworks/Metadata.framework/Versions/A/Metadata
0x0000000006110000 	/System/Library/Frameworks/CoreServices.framework/Versions/A/Frameworks/OSServices.framework/Versions/A/OSServices
0x0000000006110000 	/System/Library/Frameworks/CoreServices.framework/Versions/A/Frameworks/SearchKit.framework/Versions/A/SearchKit
0x0000000006110000 	/System/Library/Frameworks/CoreServices.framework/Versions/A/Frameworks/AE.framework/Versions/A/AE
0x0000000006110000 	/System/Library/Frameworks/CoreServices.framework/Versions/A/Frameworks/LaunchServices.framework/Versions/A/LaunchServices
0x0000000006110000 	/System/Library/Frameworks/CoreServices.framework/Versions/A/Frameworks/DictionaryServices.framework/Versions/A/DictionaryServices
0x0000000006110000 	/System/Library/Frameworks/CoreServices.framework/Versions/A/Frameworks/SharedFileList.framework/Versions/A/SharedFileList
0x0000000006110000 	/System/Library/Frameworks/NetFS.framework/Versions/A/NetFS
0x0000000006110000 	/System/Library/PrivateFrameworks/NetAuth.framework/Versions/A/NetAuth
0x0000000006110000 	/System/Library/PrivateFrameworks/login.framework/Versions/A/Frameworks/loginsupport.framework/Versions/A/loginsupport
0x0000000006110000 	/System/Library/PrivateFrameworks/TCC.framework/Versions/A/TCC
0x0000000006110000 	/usr/lib/libmecabra.dylib
0x0000000006110000 	/System/Library/Frameworks/ApplicationServices.framework/Versions/A/Frameworks/ATS.framework/Versions/A/ATS
0x0000000006110000 	/System/Library/Frameworks/ApplicationServices.framework/Versions/A/Frameworks/ColorSync.framework/Versions/A/ColorSync
0x0000000006110000 	/System/Library/Frameworks/ApplicationServices.framework/Versions/A/Frameworks/HIServices.framework/Versions/A/HIServices
0x0000000006110000 	/System/Library/Frameworks/ApplicationServices.framework/Versions/A/Frameworks/LangAnalysis.framework/Versions/A/LangAnalysis
0x0000000006110000 	/System/Library/Frameworks/ApplicationServices.framework/Versions/A/Frameworks/PrintCore.framework/Versions/A/PrintCore
0x0000000006110000 	/System/Library/Frameworks/ApplicationServices.framework/Versions/A/Frameworks/QD.framework/Versions/A/QD
0x0000000006110000 	/System/Library/Frameworks/ApplicationServices.framework/Versions/A/Frameworks/SpeechSynthesis.framework/Versions/A/SpeechSynthesis
0x0000000006110000 	/System/Library/Frameworks/Accelerate.framework/Versions/A/Frameworks/vImage.framework/Versions/A/vImage
0x0000000006110000 	/System/Library/Frameworks/Accelerate.framework/Versions/A/Frameworks/vecLib.framework/Versions/A/vecLib
0x0000000006110000 	/System/Library/Frameworks/Accelerate.framework/Versions/A/Frameworks/vecLib.framework/Versions/A/libvDSP.dylib
0x0000000006110000 	/System/Library/Frameworks/Accelerate.framework/Versions/A/Frameworks/vecLib.framework/Versions/A/libBNNS.dylib
0x0000000006110000 	/System/Library/Frameworks/Accelerate.framework/Versions/A/Frameworks/vecLib.framework/Versions/A/libQuadrature.dylib
0x0000000006110000 	/System/Library/Frameworks/Accelerate.framework/Versions/A/Frameworks/vecLib.framework/Versions/A/libvMisc.dylib
0x0000000006110000 	/System/Library/Frameworks/Accelerate.framework/Versions/A/Frameworks/vecLib.framework/Versions/A/libLAPACK.dylib
0x0000000006110000 	/System/Library/Frameworks/Accelerate.framework/Versions/A/Frameworks/vecLib.framework/Versions/A/libBLAS.dylib
0x0000000006110000 	/System/Library/Frameworks/Accelerate.framework/Versions/A/Frameworks/vecLib.framework/Versions/A/libLinearAlgebra.dylib
0x0000000006110000 	/System/Library/Frameworks/Accelerate.framework/Versions/A/Frameworks/vecLib.framework/Versions/A/libSparseBLAS.dylib
0x0000000006110000 	/System/Library/Frameworks/ApplicationServices.framework/Versions/A/Frameworks/ATS.framework/Versions/A/Resources/libFontParser.dylib
0x0000000006110000 	/System/Library/Frameworks/ApplicationServices.framework/Versions/A/Frameworks/ATS.framework/Versions/A/Resources/libFontRegistry.dylib
0x0000000006110000 	/System/Library/Frameworks/ImageIO.framework/Versions/A/Resources/libJPEG.dylib
0x0000000006110000 	/System/Library/Frameworks/ImageIO.framework/Versions/A/Resources/libTIFF.dylib
0x0000000006110000 	/System/Library/Frameworks/ImageIO.framework/Versions/A/Resources/libPng.dylib
0x0000000006110000 	/System/Library/Frameworks/ImageIO.framework/Versions/A/Resources/libGIF.dylib
0x0000000006110000 	/System/Library/Frameworks/ImageIO.framework/Versions/A/Resources/libJP2.dylib
0x0000000006110000 	/System/Library/Frameworks/ImageIO.framework/Versions/A/Resources/libRadiance.dylib
0x0000000006110000 	/usr/lib/libcompression.dylib
0x0000000006110000 	/System/Library/PrivateFrameworks/AppleJPEG.framework/Versions/A/AppleJPEG
0x0000000006110000 	/usr/lib/libcups.2.dylib
0x0000000006110000 	/System/Library/Frameworks/Kerberos.framework/Versions/A/Kerberos
0x0000000006110000 	/System/Library/Frameworks/GSS.framework/Versions/A/GSS
0x0000000006110000 	/usr/lib/libresolv.9.dylib
0x0000000006110000 	/usr/lib/libiconv.2.dylib
0x0000000006110000 	/System/Library/PrivateFrameworks/Heimdal.framework/Versions/A/Heimdal
0x0000000006110000 	/usr/lib/libheimdal-asn1.dylib
0x0000000006110000 	/System/Library/Frameworks/OpenDirectory.framework/Versions/A/OpenDirectory
0x0000000006110000 	/System/Library/PrivateFrameworks/CommonAuth.framework/Versions/A/CommonAuth
0x0000000006110000 	/System/Library/Frameworks/OpenDirectory.framework/Versions/A/Frameworks/CFOpenDirectory.framework/Versions/A/CFOpenDirectory
0x0000000006110000 	/System/Library/Frameworks/SecurityFoundation.framework/Versions/A/SecurityFoundation
0x0000000006110000 	/System/Library/PrivateFrameworks/LanguageModeling.framework/Versions/A/LanguageModeling
0x0000000006110000 	/usr/lib/libmarisa.dylib
0x0000000006110000 	/usr/lib/libChineseTokenizer.dylib
0x0000000006110000 	/usr/lib/libcmph.dylib
0x0000000006110000 	/System/Library/PrivateFrameworks/CoreEmoji.framework/Versions/A/CoreEmoji
0x0000000006110000 	/System/Library/Frameworks/ServiceManagement.framework/Versions/A/ServiceManagement
0x0000000006110000 	/usr/lib/libxslt.1.dylib
0x0000000006110000 	/System/Library/Frameworks/Carbon.framework/Versions/A/Frameworks/Ink.framework/Versions/A/Ink
0x0000000006110000 	/System/Library/PrivateFrameworks/TextureIO.framework/Versions/A/TextureIO
0x0000000006110000 	/System/Library/Frameworks/Metal.framework/Versions/A/Metal
0x0000000006110000 	/usr/lib/libate.dylib
0x0000000006110000 	/System/Library/PrivateFrameworks/GPUCompiler.framework/libmetal_timestamp.dylib
0x0000000006110000 	/System/Library/Frameworks/OpenGL.framework/Versions/A/Libraries/libCoreFSCache.dylib
0x0000000006110000 	/System/Library/PrivateFrameworks/IOAccelerator.framework/Versions/A/IOAccelerator
0x0000000006110000 	/System/Library/Frameworks/CoreVideo.framework/Versions/A/CoreVideo
0x0000000006110000 	/usr/lib/libFosl_dynamic.dylib
0x0000000006110000 	/System/Library/PrivateFrameworks/MetalPerformanceShaders.framework/Versions/A/MetalPerformanceShaders
0x0000000006110000 	/System/Library/PrivateFrameworks/FaceCore.framework/Versions/A/FaceCore
0x0000000006110000 	/System/Library/Frameworks/OpenCL.framework/Versions/A/OpenCL
0x0000000006110000 	/System/Library/Frameworks/OpenGL.framework/Versions/A/Libraries/libGLU.dylib
0x0000000006110000 	/System/Library/Frameworks/OpenGL.framework/Versions/A/Libraries/libGFXShared.dylib
0x0000000006110000 	/System/Library/Frameworks/OpenGL.framework/Versions/A/Libraries/libGL.dylib
0x0000000006110000 	/System/Library/Frameworks/OpenGL.framework/Versions/A/Libraries/libGLImage.dylib
0x0000000006110000 	/System/Library/Frameworks/OpenGL.framework/Versions/A/Libraries/libCVMSPluginSupport.dylib
0x0000000006110000 	/System/Library/Frameworks/OpenGL.framework/Versions/A/Libraries/libCoreVMClient.dylib
0x0000000006110000 	/System/Library/PrivateFrameworks/CrashReporterSupport.framework/Versions/A/CrashReporterSupport
0x0000000006110000 	/System/Library/PrivateFrameworks/Sharing.framework/Versions/A/Sharing
0x0000000006110000 	/System/Library/PrivateFrameworks/IconServices.framework/Versions/A/IconServices
0x0000000006110000 	/System/Library/PrivateFrameworks/ProtocolBuffer.framework/Versions/A/ProtocolBuffer
0x0000000006110000 	/System/Library/PrivateFrameworks/Apple80211.framework/Versions/A/Apple80211
0x0000000006110000 	/System/Library/Frameworks/CoreWLAN.framework/Versions/A/CoreWLAN
0x0000000006110000 	/System/Library/PrivateFrameworks/CoreUtils.framework/Versions/A/CoreUtils
0x0000000006110000 	/System/Library/Frameworks/IOBluetooth.framework/Versions/A/IOBluetooth
0x0000000006110000 	/System/Library/PrivateFrameworks/CoreWiFi.framework/Versions/A/CoreWiFi
0x0000000006110000 	/System/Library/Frameworks/CoreBluetooth.framework/Versions/A/CoreBluetooth
0x0000000006110000 	/System/Library/Frameworks/CoreDisplay.framework/Versions/A/CoreDisplay
0x0000000006110000 	/System/Library/PrivateFrameworks/IOPresentment.framework/Versions/A/IOPresentment
0x0000000006110000 	/System/Library/PrivateFrameworks/DSExternalDisplay.framework/Versions/A/DSExternalDisplay
0x0000000006110000 	/System/Library/PrivateFrameworks/DebugSymbols.framework/Versions/A/DebugSymbols
0x0000000006110000 	/System/Library/PrivateFrameworks/CoreSymbolication.framework/Versions/A/CoreSymbolication
0x0000000006110000 	/System/Library/PrivateFrameworks/Symbolication.framework/Versions/A/Symbolication
0x0000000006110000 	/System/Library/PrivateFrameworks/AppleFSCompression.framework/Versions/A/AppleFSCompression
0x0000000006110000 	/System/Library/PrivateFrameworks/SpeechRecognitionCore.framework/Versions/A/SpeechRecognitionCore
0x0000000006110000 	/System/Library/PrivateFrameworks/ChunkingLibrary.framework/Versions/A/ChunkingLibrary
0x0000000101800000 	/Library/Internet Plug-Ins/JavaAppletPlugin.plugin/Contents/Home/lib/server/libjvm.dylib
0x0000000006110000 	/usr/lib/libstdc++.6.dylib
0x0000000100f08000 	/Library/Internet Plug-Ins/JavaAppletPlugin.plugin/Contents/Home/lib/libverify.dylib
0x0000000100f16000 	/Library/Internet Plug-Ins/JavaAppletPlugin.plugin/Contents/Home/lib/libjava.dylib
0x0000000100f55000 	/Library/Internet Plug-Ins/JavaAppletPlugin.plugin/Contents/Home/lib/libzip.dylib
0x0000000100fe1000 	/System/Library/Frameworks/JavaVM.framework/Frameworks/JavaRuntimeSupport.framework/JavaRuntimeSupport
0x000000010905b000 	/System/Library/Frameworks/JavaVM.framework/Versions/A/Frameworks/JavaNativeFoundation.framework/Versions/A/JavaNativeFoundation
0x0000000109070000 	/System/Library/Frameworks/JavaVM.framework/Versions/A/JavaVM
0x0000000006110000 	/System/Library/Frameworks/Carbon.framework/Versions/A/Carbon
0x000000010907d000 	/System/Library/PrivateFrameworks/JavaLaunching.framework/Versions/A/JavaLaunching
0x0000000006110000 	/System/Library/Frameworks/Carbon.framework/Versions/A/Frameworks/CommonPanels.framework/Versions/A/CommonPanels
0x0000000006110000 	/System/Library/Frameworks/Carbon.framework/Versions/A/Frameworks/Help.framework/Versions/A/Help
0x0000000006110000 	/System/Library/Frameworks/Carbon.framework/Versions/A/Frameworks/ImageCapture.framework/Versions/A/ImageCapture
0x0000000006110000 	/System/Library/Frameworks/Carbon.framework/Versions/A/Frameworks/OpenScripting.framework/Versions/A/OpenScripting
0x0000000006110000 	/System/Library/Frameworks/Carbon.framework/Versions/A/Frameworks/Print.framework/Versions/A/Print
0x0000000006110000 	/System/Library/Frameworks/Carbon.framework/Versions/A/Frameworks/SecurityHI.framework/Versions/A/SecurityHI
0x000000010aa3e000 	/Library/Internet Plug-Ins/JavaAppletPlugin.plugin/Contents/Home/lib/libawt.dylib
0x000000010aae6000 	/Library/Internet Plug-Ins/JavaAppletPlugin.plugin/Contents/Home/lib/./libmlib_image.dylib
0x000000010abb2000 	/Library/Internet Plug-Ins/JavaAppletPlugin.plugin/Contents/Home/lib/libawt_lwawt.dylib
0x000000010ac69000 	/Library/Internet Plug-Ins/JavaAppletPlugin.plugin/Contents/Home/lib/./libosxapp.dylib
0x0000000006110000 	/System/Library/Frameworks/ExceptionHandling.framework/Versions/A/ExceptionHandling
0x0000000006110000 	/System/Library/PrivateFrameworks/CoreServicesInternal.framework/Versions/A/CoreServicesInternal
0x0000000006110000 	/System/Library/CoreServices/RawCamera.bundle/Contents/MacOS/RawCamera
0x0000000006110000 	/System/Library/Frameworks/Accelerate.framework/Versions/A/Frameworks/vImage.framework/Versions/A/Libraries/libCGInterfaces.dylib
0x0000000006110000 	/System/Library/Frameworks/ApplicationServices.framework/Versions/A/Frameworks/ATS.framework/Versions/A/Resources/libTrueTypeScaler.dylib
0x000000011bad4000 	/System/Library/Frameworks/OpenGL.framework/Resources/GLEngine.bundle/GLEngine
0x0000000006110000 	/System/Library/Frameworks/OpenGL.framework/Versions/A/Libraries/libGLProgrammability.dylib
0x000000011bcb9000 	/System/Library/Extensions/AppleIntelBDWGraphicsGLDriver.bundle/Contents/MacOS/AppleIntelBDWGraphicsGLDriver
0x0000000006110000 	/System/Library/PrivateFrameworks/GPUSupport.framework/Versions/A/Libraries/libGPUSupportMercury.dylib
0x000000011c423000 	/System/Library/Frameworks/OpenGL.framework/Resources//GLRendererFloat.bundle/GLRendererFloat
0x0000000006110000 	/System/Library/Frameworks/OpenCL.framework/Versions/A/Libraries/libcldcpuengine.dylib
0x0000000006110000 	/usr/lib/libcrypto.0.9.8.dylib
0x0000000006110000 	/System/Library/PrivateFrameworks/TrustEvaluationAgent.framework/Versions/A/TrustEvaluationAgent
0x000000011c457000 	/System/Library/Extensions/AppleIntelBDWGraphicsMTLDriver.bundle/Contents/MacOS/AppleIntelBDWGraphicsMTLDriver
0x0000000006110000 	/System/Library/PrivateFrameworks/FamilyControls.framework/Versions/A/FamilyControls
0x0000000006110000 	/System/Library/PrivateFrameworks/CommerceKit.framework/Versions/A/Frameworks/CommerceCore.framework/Versions/A/CommerceCore
0x0000000006110000 	/System/Library/PrivateFrameworks/SystemAdministration.framework/Versions/A/SystemAdministration
0x0000000006110000 	/System/Library/PrivateFrameworks/AppContainer.framework/Versions/A/AppContainer
0x0000000006110000 	/System/Library/PrivateFrameworks/SecCodeWrapper.framework/Versions/A/SecCodeWrapper
0x0000000006110000 	/System/Library/Frameworks/DirectoryService.framework/Versions/A/DirectoryService
0x0000000006110000 	/System/Library/PrivateFrameworks/DiskImages.framework/Versions/A/DiskImages
0x0000000006110000 	/System/Library/PrivateFrameworks/LoginUIKit.framework/Versions/A/Frameworks/LoginUICore.framework/Versions/A/LoginUICore
0x0000000006110000 	/usr/lib/libCoreStorage.dylib
0x0000000006110000 	/usr/lib/libcsfde.dylib
0x0000000006110000 	/usr/lib/libodfde.dylib
0x0000000006110000 	/System/Library/Frameworks/DiscRecording.framework/Versions/A/DiscRecording
0x0000000006110000 	/usr/lib/libcurl.4.dylib
0x0000000006110000 	/System/Library/PrivateFrameworks/MediaKit.framework/Versions/A/MediaKit
0x0000000006110000 	/System/Library/PrivateFrameworks/ProtectedCloudStorage.framework/Versions/A/ProtectedCloudStorage
0x0000000006110000 	/System/Library/PrivateFrameworks/EFILogin.framework/Versions/A/EFILogin
0x0000000006110000 	/usr/lib/libutil.dylib
0x0000000006110000 	/System/Library/Frameworks/LDAP.framework/Versions/A/LDAP
0x0000000006110000 	/usr/lib/libsasl2.2.dylib
0x0000000006110000 	/System/Library/PrivateFrameworks/CoreDaemon.framework/Versions/B/CoreDaemon
0x0000000006110000 	/System/Library/PrivateFrameworks/AppleSRP.framework/Versions/A/AppleSRP
0x0000000006110000 	/System/Library/PrivateFrameworks/APFS.framework/Versions/A/APFS
0x000000011dc3f000 	/Library/Internet Plug-Ins/JavaAppletPlugin.plugin/Contents/Home/lib/libfontmanager.dylib
0x000000010b974000 	/Library/Internet Plug-Ins/JavaAppletPlugin.plugin/Contents/Home/lib/libosxui.dylib
0x0000000006110000 	/System/Library/PrivateFrameworks/ViewBridge.framework/Versions/A/ViewBridge
0x0000000006110000 	/System/Library/PrivateFrameworks/XPCService.framework/Versions/A/XPCService
0x0000000006110000 	/System/Library/PrivateFrameworks/AppSandbox.framework/Versions/A/AppSandbox
0x0000000006110000 	/usr/lib/libsandbox.1.dylib
0x0000000006110000 	/usr/lib/libMatch.1.dylib
0x000000011f42b000 	/Library/Internet Plug-Ins/JavaAppletPlugin.plugin/Contents/Home/lib/libnet.dylib
0x000000011f48a000 	/Library/Internet Plug-Ins/JavaAppletPlugin.plugin/Contents/Home/lib/libnio.dylib
0x000000014ce8b000 	/Library/Internet Plug-Ins/JavaAppletPlugin.plugin/Contents/Home/lib/libjpeg.dylib
0x000000014cc57000 	/Library/Internet Plug-Ins/JavaAppletPlugin.plugin/Contents/Home/lib/libdcpr.dylib
0x0000000006110000 	/System/Library/PrivateFrameworks/CloudDocs.framework/Versions/A/CloudDocs
0x0000000006110000 	/System/Library/Frameworks/CloudKit.framework/Versions/A/CloudKit
0x0000000006110000 	/System/Library/PrivateFrameworks/MMCS.framework/Versions/A/MMCS
0x0000000006110000 	/System/Library/Frameworks/CoreLocation.framework/Versions/A/CoreLocation
0x0000000006110000 	/System/Library/PrivateFrameworks/AssetCacheServices.framework/Versions/A/AssetCacheServices
0x0000000006110000 	/System/Library/PrivateFrameworks/GeoServices.framework/Versions/A/GeoServices

VM Arguments:
java_command: /Users/Jagan/Desktop/ACTS3.0/acts_3.0.jar
java_class_path (initial): /Users/Jagan/Desktop/ACTS3.0/acts_3.0.jar
Launcher Type: SUN_STANDARD

Environment Variables:
PATH=/usr/bin:/bin:/usr/sbin:/sbin
SHELL=/bin/bash

Signal Handlers:
SIGSEGV: [libjvm.dylib+0x5b1eb1], sa_mask[0]=11111111011111110111111111111111, sa_flags=SA_ONSTACK|SA_RESTART|SA_SIGINFO
SIGBUS: [libjvm.dylib+0x5b1eb1], sa_mask[0]=11111111011111110111111111111111, sa_flags=SA_RESTART|SA_SIGINFO
SIGFPE: [libjvm.dylib+0x488988], sa_mask[0]=11111111011111110111111111111111, sa_flags=SA_RESTART|SA_SIGINFO
SIGPIPE: [libjvm.dylib+0x488988], sa_mask[0]=11111111011111110111111111111111, sa_flags=SA_RESTART|SA_SIGINFO
SIGXFSZ: [libjvm.dylib+0x488988], sa_mask[0]=11111111011111110111111111111111, sa_flags=SA_RESTART|SA_SIGINFO
SIGILL: [libjvm.dylib+0x488988], sa_mask[0]=11111111011111110111111111111111, sa_flags=SA_RESTART|SA_SIGINFO
SIGUSR1: SIG_DFL, sa_mask[0]=00000000000000000000000000000000, sa_flags=none
SIGUSR2: [libjvm.dylib+0x4884a6], sa_mask[0]=00000000000000000000000000000000, sa_flags=SA_RESTART|SA_SIGINFO
SIGHUP: [libjvm.dylib+0x486a7d], sa_mask[0]=11111111011111110111111111111111, sa_flags=SA_RESTART|SA_SIGINFO
SIGINT: [libjvm.dylib+0x486a7d], sa_mask[0]=11111111011111110111111111111111, sa_flags=SA_RESTART|SA_SIGINFO
SIGTERM: [libjvm.dylib+0x486a7d], sa_mask[0]=11111111011111110111111111111111, sa_flags=SA_RESTART|SA_SIGINFO
SIGQUIT: [libjvm.dylib+0x486a7d], sa_mask[0]=11111111011111110111111111111111, sa_flags=SA_RESTART|SA_SIGINFO


---------------  S Y S T E M  ---------------

OS:Bsduname:Darwin 16.5.0 Darwin Kernel Version 16.5.0: Fri Mar  3 16:52:33 PST 2017; root:xnu-3789.51.2~3/RELEASE_X86_64 x86_64
rlimit: STACK 8192k, CORE 0k, NPROC 709, NOFILE 10240, AS infinity
load average:2.56 2.46 2.59

CPU:total 4 (initial active 4) (2 cores per cpu, 2 threads per core) family 6 model 61 stepping 4, cmov, cx8, fxsr, mmx, sse, sse2, sse3, ssse3, sse4.1, sse4.2, popcnt, avx, avx2, aes, clmul, erms, 3dnowpref, lzcnt, ht, tsc, tscinvbit, bmi1, bmi2, adx

Memory: 4k page, physical 8388608k(467924k free)

/proc/meminfo:


vm_info: Java HotSpot(TM) 64-Bit Server VM (25.131-b11) for bsd-amd64 JRE (1.8.0_131-b11), built on Mar 15 2017 01:32:22 by "java_re" with gcc 4.2.1 (Based on Apple Inc. build 5658) (LLVM build 2336.11.00)

time: Sun Oct 29 20:18:58 2017
elapsed time: 2787 seconds (0d 0h 46m 27s)

